{"logTime": "1017/055512", "correlationVector":"fmkgVKuxqw5kMOsOU9vHEq.0","action":"FeedSettingFetch_homeCloud", "result":"0", "context":{}}
{"logTime": "1017/055512", "correlationVector":"fmkgVKuxqw5kMOsOU9vHEq.0","action":"SyncServerConnectionManagerRequest", "result":"SYNC_SERVER_OK", "context":{"environment":"", "migrationStage":"", "server":""}}
{"logTime": "1017/055512", "correlationVector":"XOIKFd/4mDgCDHzyNJ9daZ.1","action":"SyncServerConnectionManagerRequest", "result":"SYNC_SERVER_OK", "context":{"environment":"Prod_SoutheastAsia_000j", "migrationStage":"NotStarted", "server":"GENERAL01000013"}}
{"logTime": "1017/055512", "correlationVector":"XOIKFd/4mDgCDHzyNJ9daZ","action":"Initial GetUpdates", "result":"", "context":Reason: NEW_CLIENT. cV=XOIKFd/4mDgCDHzyNJ9daZ}
{"logTime": "1017/055512", "correlationVector":"XOIKFd/4mDgCDHzyNJ9daZ.2","action":"GetUpdates Response", "result":"SYNCER_OK", "context":Received 1 update(s). cV=XOIKFd/4mDgCDHzyNJ9daZ.0;server=GENERAL01000013;cloudType=Consumer;environment=Prod_SoutheastAsia_000j;migrationStage=NotStarted}
{"logTime": "1017/055512", "correlationVector":"i4MAD3KqUDQ6p2GRBiSsrm","action":"Initial GetUpdates", "result":"", "context":Reason: NEW_CLIENT. cV=i4MAD3KqUDQ6p2GRBiSsrm}
{"logTime": "1017/055513", "correlationVector":"i4MAD3KqUDQ6p2GRBiSsrm.1","action":"SyncServerConnectionManagerRequest", "result":"SYNC_SERVER_OK", "context":{"environment":"Prod_SoutheastAsia_000j", "migrationStage":"NotStarted", "server":"GENERAL0100000T"}}
{"logTime": "1017/055513", "correlationVector":"i4MAD3KqUDQ6p2GRBiSsrm.2","action":"GetUpdates Response", "result":"SYNCER_OK", "context":Received 6 update(s). cV=i4MAD3KqUDQ6p2GRBiSsrm.0;server=GENERAL0100000T;cloudType=Consumer;environment=Prod_SoutheastAsia_000j;migrationStage=NotStarted}
{"logTime": "1017/055513", "correlationVector":"9kLCOuIxoPwcnsLSXLB2ff","action":"Normal GetUpdate request", "result":"", "context":cV=9kLCOuIxoPwcnsLSXLB2ff
Nudged types: Device Info, User Consents
Refresh requested types: Device Info, User Consents, Send Tab To Self, Encryption Keys}
{"logTime": "1017/055513", "correlationVector":"9kLCOuIxoPwcnsLSXLB2ff.1","action":"SyncServerConnectionManagerRequest", "result":"SYNC_SERVER_OK", "context":{"environment":"Prod_SoutheastAsia_000j", "migrationStage":"NotStarted", "server":"GENERAL0100000H"}}
{"logTime": "1017/055513", "correlationVector":"9kLCOuIxoPwcnsLSXLB2ff.2","action":"GetUpdates Response", "result":"SYNCER_OK", "context":Received 0 update(s). cV=9kLCOuIxoPwcnsLSXLB2ff.0;server=GENERAL0100000H;cloudType=Consumer;environment=Prod_SoutheastAsia_000j;migrationStage=NotStarted}
{"logTime": "1017/055513", "correlationVector":"jj+Up1Umf7JLj8ISvIjQ5g","action":"Commit Request", "result":"", "context":Item count: 1
Contributing types: Device Info}
{"logTime": "1017/055513", "correlationVector":"jj+Up1Umf7JLj8ISvIjQ5g.1","action":"SyncServerConnectionManagerRequest", "result":"SYNC_SERVER_OK", "context":{"environment":"Prod_SoutheastAsia_000j", "migrationStage":"NotStarted", "server":"GENERAL0100000Q"}}
{"logTime": "1017/055513", "correlationVector":"jj+Up1Umf7JLj8ISvIjQ5g.2","action":"Commit Response", "result":"SYNCER_OK", "context":Result: SYNCER_OK. cV=jj+Up1Umf7JLj8ISvIjQ5g.0;server=GENERAL0100000Q;cloudType=Consumer;environment=Prod_SoutheastAsia_000j;migrationStage=NotStarted}
{"logTime": "1017/055513", "correlationVector":"CT8pWa1I+vO9xZXD2MSHV2","action":"Commit Request", "result":"", "context":Item count: 2
Contributing types: User Consents}
{"logTime": "1017/055514", "correlationVector":"CT8pWa1I+vO9xZXD2MSHV2.1","action":"SyncServerConnectionManagerRequest", "result":"SYNC_SERVER_OK", "context":{"environment":"Prod_SoutheastAsia_000j", "migrationStage":"NotStarted", "server":"GENERAL0100000I"}}
{"logTime": "1017/055514", "correlationVector":"CT8pWa1I+vO9xZXD2MSHV2.2","action":"Commit Response", "result":"SYNCER_OK", "context":Result: SYNCER_OK. cV=CT8pWa1I+vO9xZXD2MSHV2.0;server=GENERAL0100000I;cloudType=Consumer;environment=Prod_SoutheastAsia_000j;migrationStage=NotStarted}
{"logTime": "1017/055514", "correlationVector":"ZsuEIK1OiwUH6pRmi5YJDY","action":"Normal GetUpdate request", "result":"", "context":cV=ZsuEIK1OiwUH6pRmi5YJDY
Nudged types: Device Info}
{"logTime": "1017/055514", "correlationVector":"ZsuEIK1OiwUH6pRmi5YJDY.1","action":"SyncServerConnectionManagerRequest", "result":"SYNC_SERVER_OK", "context":{"environment":"Prod_SoutheastAsia_000j", "migrationStage":"NotStarted", "server":"GENERAL01000016"}}
{"logTime": "1017/055514", "correlationVector":"ZsuEIK1OiwUH6pRmi5YJDY.2","action":"GetUpdates Response", "result":"SYNCER_OK", "context":Received 1 update(s). cV=ZsuEIK1OiwUH6pRmi5YJDY.0;server=GENERAL01000016;cloudType=Consumer;environment=Prod_SoutheastAsia_000j;migrationStage=NotStarted}
